<?xml version="1.0" encoding="UTF-8"?>
<testsuite xmlns:xsi="http://www.w3.org/2001/XMLSchema-instance" xsi:noNamespaceSchemaLocation="https://maven.apache.org/surefire/maven-surefire-plugin/xsd/surefire-test-report-3.0.xsd" version="3.0" name="com.itxiop.transport.infrastructure.apirest.ShipmentsApiControllerTest" time="8.304" tests="3" errors="0" skipped="0" failures="0">
  <properties>
[...]
</properties>
  <testcase name="loadShipmentShouldMapPayloadAndCallUseCase" classname="com.itxiop.transport.infrastructure.apirest.ShipmentsApiControllerTest" time="0.897">
    <system-out><![CDATA[13:32:09.095 [main] INFO org.springframework.test.context.support.AnnotationConfigContextLoaderUtils -- Could not detect default configuration classes for test class [com.itxiop.transport.infrastructure.apirest.ShipmentsApiControllerTest]: ShipmentsApiControllerTest does not declare any static, non-private, non-final, nested classes annotated with @Configuration.
13:32:09.527 [main] INFO org.springframework.boot.test.context.SpringBootTestContextBootstrapper -- Found @SpringBootConfiguration com.itxiop.transport.infrastructure.apirest.TestApplication for test class com.itxiop.transport.infrastructure.apirest.ShipmentsApiControllerTest

  .   ____          _            __ _ _
 /\\ / ___'_ __ _ _(_)_ __  __ _ \ \ \ \
( ( )\___ | '_ | '_| | '_ \/ _` | \ \ \ \
 \\/  ___)| |_)| | | | | || (_| |  ) ) ) )
  '  |____| .__|_| |_|_| |_\__, | / / / /
 =========|_|==============|___/=/_/_/_/
 :: Spring Boot ::                (v3.2.4)

2026-01-16T13:32:10.538+01:00  INFO 5876 --- [           main] c.i.t.i.a.ShipmentsApiControllerTest     : Starting ShipmentsApiControllerTest using Java 17.0.17 with PID 5876 (started by pablo.miguelgarcia in C:\Desarrollo\DISDEP_RUPER\pruebaTransport\hiring-2024-IOP-transporte\infrastructure)
2026-01-16T13:32:10.542+01:00  INFO 5876 --- [           main] c.i.t.i.a.ShipmentsApiControllerTest     : No active profile set, falling back to 1 default profile: "default"
2026-01-16T13:32:15.907+01:00  INFO 5876 --- [           main] o.s.b.t.m.w.SpringBootMockServletContext : Initializing Spring TestDispatcherServlet ''
2026-01-16T13:32:15.908+01:00  INFO 5876 --- [           main] o.s.t.web.servlet.TestDispatcherServlet  : Initializing Servlet ''
2026-01-16T13:32:15.912+01:00  INFO 5876 --- [           main] o.s.t.web.servlet.TestDispatcherServlet  : Completed initialization in 2 ms
2026-01-16T13:32:15.969+01:00  INFO 5876 --- [           main] c.i.t.i.a.ShipmentsApiControllerTest     : Started ShipmentsApiControllerTest in 6.235 seconds (process running for 8.535)
]]></system-out>
  </testcase>
  <testcase name="getShipmentShouldReturnMappedResponse" classname="com.itxiop.transport.infrastructure.apirest.ShipmentsApiControllerTest" time="0.053"/>
  <testcase name="getShipmentsShouldReturnListMapped" classname="com.itxiop.transport.infrastructure.apirest.ShipmentsApiControllerTest" time="0.024"/>
</testsuite>