<?xml version="1.0" encoding="UTF-8"?>
<testsuite xmlns:xsi="http://www.w3.org/2001/XMLSchema-instance" xsi:noNamespaceSchemaLocation="https://maven.apache.org/surefire/maven-surefire-plugin/xsd/surefire-test-report-3.0.xsd" version="3.0" name="com.itxiop.transport.domain.usecase.ProcessPendingShipmentsUseCaseImplTest" time="0.114" tests="2" errors="0" skipped="0" failures="0">
  <properties>
[...]
</properties>
  <testcase name="dijkstraComplexScenarioTest" classname="com.itxiop.transport.domain.usecase.ProcessPendingShipmentsUseCaseImplTest" time="0.101">
    <system-out><![CDATA[11:45:24.257 [main] INFO  c.i.t.d.u.ProcessPendingShipmentsUseCaseImpl -- Processing shipment: Shipment(id=55227dfb-8306-4a2a-92e4-f950055d37a9, departureDate=2024-01-01T09:00Z, expectedArrivalDate=2024-01-02T09:00Z, origin=City(code=6c83334b-e1ef-4084-b644-51c755740fea, name=A, handlingCost=0), destination=City(code=48ea46f8-eef8-4b1b-bbe7-c52bc8470e27, name=E, handlingCost=0), status=PENDING, routePlan=null)
11:45:24.268 [main] INFO  c.i.t.d.u.ProcessPendingShipmentsUseCaseImpl -- Processing route: TRUCK
11:45:24.269 [main] TRACE c.i.t.domain.usecase.GraphProcessor -- *** Evaluating dijkstra shortest path algorithm:
11:45:24.271 [main] TRACE c.i.t.domain.usecase.GraphProcessor -- Visiting node [A]
11:45:24.272 [main] TRACE c.i.t.domain.usecase.GraphProcessor --  >> neighbor: [H] tentative cost: [PT8H] by TRUCK
11:45:24.272 [main] TRACE c.i.t.domain.usecase.GraphProcessor --  >> [?] tentative neighbor with a shorter route. Adding to path
11:45:24.272 [main] TRACE c.i.t.domain.usecase.GraphProcessor --  >> neighbor: [B] tentative cost: [PT4H] by TRUCK
11:45:24.272 [main] TRACE c.i.t.domain.usecase.GraphProcessor --  >> [?] tentative neighbor with a shorter route. Adding to path
11:45:24.273 [main] TRACE c.i.t.domain.usecase.GraphProcessor --  >> Marking node [A] as visited
11:45:24.273 [main] TRACE c.i.t.domain.usecase.GraphProcessor -- Visiting node [B]
11:45:24.273 [main] TRACE c.i.t.domain.usecase.GraphProcessor --  >> neighbor: [H] tentative cost: [PT15H] by TRUCK
11:45:24.273 [main] TRACE c.i.t.domain.usecase.GraphProcessor --  >> neighbor: [C] tentative cost: [PT12H] by TRUCK
11:45:24.273 [main] TRACE c.i.t.domain.usecase.GraphProcessor --  >> [?] tentative neighbor with a shorter route. Adding to path
11:45:24.273 [main] TRACE c.i.t.domain.usecase.GraphProcessor --  >> Marking node [B] as visited
11:45:24.273 [main] TRACE c.i.t.domain.usecase.GraphProcessor -- Visiting node [H]
11:45:24.273 [main] TRACE c.i.t.domain.usecase.GraphProcessor --  >> neighbor: [I] tentative cost: [PT15H] by TRUCK
11:45:24.273 [main] TRACE c.i.t.domain.usecase.GraphProcessor --  >> [?] tentative neighbor with a shorter route. Adding to path
11:45:24.273 [main] TRACE c.i.t.domain.usecase.GraphProcessor --  >> neighbor: [G] tentative cost: [PT9H] by TRUCK
11:45:24.273 [main] TRACE c.i.t.domain.usecase.GraphProcessor --  >> [?] tentative neighbor with a shorter route. Adding to path
11:45:24.273 [main] TRACE c.i.t.domain.usecase.GraphProcessor --  >> Marking node [H] as visited
11:45:24.274 [main] TRACE c.i.t.domain.usecase.GraphProcessor -- Visiting node [G]
11:45:24.274 [main] TRACE c.i.t.domain.usecase.GraphProcessor --  >> neighbor: [I] tentative cost: [PT11H] by TRUCK
11:45:24.274 [main] TRACE c.i.t.domain.usecase.GraphProcessor --  >> [?] tentative neighbor with a shorter route. Adding to path
11:45:24.274 [main] TRACE c.i.t.domain.usecase.GraphProcessor --  >> neighbor: [F] tentative cost: [PT11H] by TRUCK
11:45:24.274 [main] TRACE c.i.t.domain.usecase.GraphProcessor --  >> [?] tentative neighbor with a shorter route. Adding to path
11:45:24.274 [main] TRACE c.i.t.domain.usecase.GraphProcessor --  >> Marking node [G] as visited
11:45:24.274 [main] TRACE c.i.t.domain.usecase.GraphProcessor -- Visiting node [I]
11:45:24.274 [main] TRACE c.i.t.domain.usecase.GraphProcessor --  >> neighbor: [C] tentative cost: [PT13H] by TRUCK
11:45:24.274 [main] TRACE c.i.t.domain.usecase.GraphProcessor --  >> Marking node [I] as visited
11:45:24.274 [main] TRACE c.i.t.domain.usecase.GraphProcessor -- Visiting node [F]
11:45:24.274 [main] TRACE c.i.t.domain.usecase.GraphProcessor --  >> neighbor: [D] tentative cost: [PT25H] by TRUCK
11:45:24.274 [main] TRACE c.i.t.domain.usecase.GraphProcessor --  >> [?] tentative neighbor with a shorter route. Adding to path
11:45:24.274 [main] TRACE c.i.t.domain.usecase.GraphProcessor --  >> neighbor: [E] tentative cost: [PT21H] by TRUCK
11:45:24.275 [main] TRACE c.i.t.domain.usecase.GraphProcessor --  >> [?] tentative neighbor with a shorter route. Adding to path
11:45:24.275 [main] TRACE c.i.t.domain.usecase.GraphProcessor --  >> neighbor: [C] tentative cost: [PT15H] by TRUCK
11:45:24.275 [main] TRACE c.i.t.domain.usecase.GraphProcessor --  >> Marking node [F] as visited
11:45:24.275 [main] TRACE c.i.t.domain.usecase.GraphProcessor -- Discarding node [I] as it has already been visited
11:45:24.275 [main] TRACE c.i.t.domain.usecase.GraphProcessor -- Visiting node [C]
11:45:24.275 [main] TRACE c.i.t.domain.usecase.GraphProcessor --  >> neighbor: [D] tentative cost: [PT19H] by TRUCK
11:45:24.275 [main] TRACE c.i.t.domain.usecase.GraphProcessor --  >> [?] tentative neighbor with a shorter route. Adding to path
11:45:24.275 [main] TRACE c.i.t.domain.usecase.GraphProcessor --  >> Marking node [C] as visited
11:45:24.275 [main] TRACE c.i.t.domain.usecase.GraphProcessor -- Visiting node [D]
11:45:24.275 [main] TRACE c.i.t.domain.usecase.GraphProcessor --  >> neighbor: [E] tentative cost: [PT28H] by TRUCK
11:45:24.275 [main] TRACE c.i.t.domain.usecase.GraphProcessor --  >> Marking node [D] as visited
11:45:24.275 [main] TRACE c.i.t.domain.usecase.GraphProcessor -- Discarding node [D] as it has already been visited
11:45:24.275 [main] TRACE c.i.t.domain.usecase.GraphProcessor -- Visiting node [E]
11:45:24.275 [main] TRACE c.i.t.domain.usecase.GraphProcessor --  >> Marking node [E] as visited
11:45:24.275 [main] TRACE c.i.t.domain.usecase.GraphProcessor -- *** Evaluation finished with Path [Route(id=c7154a3d-22ac-49d7-8c4a-c53e9d9cd036, origin=City(code=6c83334b-e1ef-4084-b644-51c755740fea, name=A, handlingCost=0), destination=City(code=4154a678-f621-460c-8b21-80ba7c309aa8, name=H, handlingCost=0), transportType=TRUCK, cost=PT8H), Route(id=25e16b31-3772-47cd-bdb8-c0ddb129aab6, origin=City(code=334e0492-42bb-42e1-85ff-16db1dc1fc52, name=G, handlingCost=0), destination=City(code=4154a678-f621-460c-8b21-80ba7c309aa8, name=H, handlingCost=0), transportType=TRUCK, cost=PT1H), Route(id=c851d641-f9c5-466b-b24d-6ec9e4aa2d2c, origin=City(code=334e0492-42bb-42e1-85ff-16db1dc1fc52, name=G, handlingCost=0), destination=City(code=78dd33fd-dcf1-4465-acba-e6daaf6cb85c, name=F, handlingCost=0), transportType=TRUCK, cost=PT2H), Route(id=fc353ab6-2dc3-4a39-9aab-13f4f74839cf, origin=City(code=78dd33fd-dcf1-4465-acba-e6daaf6cb85c, name=F, handlingCost=0), destination=City(code=48ea46f8-eef8-4b1b-bbe7-c52bc8470e27, name=E, handlingCost=0), transportType=TRUCK, cost=PT10H)]
11:45:24.282 [main] TRACE c.i.t.d.u.ProcessPendingShipmentsUseCaseImpl -- Time cost from [ A <-> E ] is PT21H
11:45:24.284 [main] TRACE c.i.t.d.u.ProcessPendingShipmentsUseCaseImpl -- Path: A | (A -> [TRUCK] -> H) | (G -> [TRUCK] -> H) | (G -> [TRUCK] -> F) | (F -> [TRUCK] -> E)
11:45:24.285 [main] INFO  c.i.t.d.u.ProcessPendingShipmentsUseCaseImpl -- Route processed in 17 ms
11:45:24.285 [main] INFO  c.i.t.d.u.ProcessPendingShipmentsUseCaseImpl -- Saving route planification for shipment: A-E
11:45:24.286 [main] INFO  c.i.t.d.u.ProcessPendingShipmentsUseCaseImpl -- Route saved in 18 ms
Route(id=c7154a3d-22ac-49d7-8c4a-c53e9d9cd036, origin=City(code=6c83334b-e1ef-4084-b644-51c755740fea, name=A, handlingCost=0), destination=City(code=4154a678-f621-460c-8b21-80ba7c309aa8, name=H, handlingCost=0), transportType=TRUCK, cost=PT8H)
Route(id=25e16b31-3772-47cd-bdb8-c0ddb129aab6, origin=City(code=334e0492-42bb-42e1-85ff-16db1dc1fc52, name=G, handlingCost=0), destination=City(code=4154a678-f621-460c-8b21-80ba7c309aa8, name=H, handlingCost=0), transportType=TRUCK, cost=PT1H)
Route(id=c851d641-f9c5-466b-b24d-6ec9e4aa2d2c, origin=City(code=334e0492-42bb-42e1-85ff-16db1dc1fc52, name=G, handlingCost=0), destination=City(code=78dd33fd-dcf1-4465-acba-e6daaf6cb85c, name=F, handlingCost=0), transportType=TRUCK, cost=PT2H)
Route(id=fc353ab6-2dc3-4a39-9aab-13f4f74839cf, origin=City(code=78dd33fd-dcf1-4465-acba-e6daaf6cb85c, name=F, handlingCost=0), destination=City(code=48ea46f8-eef8-4b1b-bbe7-c52bc8470e27, name=E, handlingCost=0), transportType=TRUCK, cost=PT10H)
]]></system-out>
  </testcase>
  <testcase name="dijkstraBasicTest" classname="com.itxiop.transport.domain.usecase.ProcessPendingShipmentsUseCaseImplTest" time="0.007">
    <system-out><![CDATA[11:45:24.306 [main] INFO  c.i.t.d.u.ProcessPendingShipmentsUseCaseImpl -- Processing shipment: Shipment(id=6d0b4e6a-2f6b-49da-9399-273ace459961, departureDate=2024-01-01T09:00Z, expectedArrivalDate=2024-01-01T13:00Z, origin=City(code=b27f645b-0b34-481f-b6b4-2aa03b89a7f3, name=A, handlingCost=0), destination=City(code=7ff753c4-d0e4-40b6-8172-00c9ca1d450f, name=E, handlingCost=0), status=PENDING, routePlan=null)
11:45:24.306 [main] INFO  c.i.t.d.u.ProcessPendingShipmentsUseCaseImpl -- Processing route: TRUCK
11:45:24.306 [main] TRACE c.i.t.domain.usecase.GraphProcessor -- *** Evaluating dijkstra shortest path algorithm:
11:45:24.307 [main] TRACE c.i.t.domain.usecase.GraphProcessor -- Visiting node [A]
11:45:24.307 [main] TRACE c.i.t.domain.usecase.GraphProcessor --  >> neighbor: [B] tentative cost: [PT3H] by TRUCK
11:45:24.307 [main] TRACE c.i.t.domain.usecase.GraphProcessor --  >> [?] tentative neighbor with a shorter route. Adding to path
11:45:24.307 [main] TRACE c.i.t.domain.usecase.GraphProcessor --  >> neighbor: [C] tentative cost: [PT1H] by TRUCK
11:45:24.307 [main] TRACE c.i.t.domain.usecase.GraphProcessor --  >> [?] tentative neighbor with a shorter route. Adding to path
11:45:24.307 [main] TRACE c.i.t.domain.usecase.GraphProcessor --  >> Marking node [A] as visited
11:45:24.307 [main] TRACE c.i.t.domain.usecase.GraphProcessor -- Visiting node [C]
11:45:24.307 [main] TRACE c.i.t.domain.usecase.GraphProcessor --  >> neighbor: [B] tentative cost: [PT8H] by TRUCK
11:45:24.307 [main] TRACE c.i.t.domain.usecase.GraphProcessor --  >> neighbor: [D] tentative cost: [PT3H] by TRUCK
11:45:24.307 [main] TRACE c.i.t.domain.usecase.GraphProcessor --  >> [?] tentative neighbor with a shorter route. Adding to path
11:45:24.307 [main] TRACE c.i.t.domain.usecase.GraphProcessor --  >> Marking node [C] as visited
11:45:24.307 [main] TRACE c.i.t.domain.usecase.GraphProcessor -- Visiting node [B]
11:45:24.307 [main] TRACE c.i.t.domain.usecase.GraphProcessor --  >> neighbor: [D] tentative cost: [PT8H] by TRUCK
11:45:24.307 [main] TRACE c.i.t.domain.usecase.GraphProcessor --  >> neighbor: [E] tentative cost: [PT4H] by TRUCK
11:45:24.307 [main] TRACE c.i.t.domain.usecase.GraphProcessor --  >> [?] tentative neighbor with a shorter route. Adding to path
11:45:24.307 [main] TRACE c.i.t.domain.usecase.GraphProcessor --  >> Marking node [B] as visited
11:45:24.307 [main] TRACE c.i.t.domain.usecase.GraphProcessor -- Visiting node [D]
11:45:24.307 [main] TRACE c.i.t.domain.usecase.GraphProcessor --  >> neighbor: [E] tentative cost: [PT10H] by TRUCK
11:45:24.307 [main] TRACE c.i.t.domain.usecase.GraphProcessor --  >> Marking node [D] as visited
11:45:24.307 [main] TRACE c.i.t.domain.usecase.GraphProcessor -- Visiting node [E]
11:45:24.307 [main] TRACE c.i.t.domain.usecase.GraphProcessor --  >> Marking node [E] as visited
11:45:24.308 [main] TRACE c.i.t.domain.usecase.GraphProcessor -- *** Evaluation finished with Path [Route(id=a53a580e-4961-4f70-b8b8-1ff3acbc5ade, origin=City(code=b27f645b-0b34-481f-b6b4-2aa03b89a7f3, name=A, handlingCost=0), destination=City(code=a9d89cf0-f203-4b50-9ead-b646b7d042e1, name=B, handlingCost=0), transportType=TRUCK, cost=PT3H), Route(id=cf5039bc-af8e-48ca-b935-45ff8e47b746, origin=City(code=a9d89cf0-f203-4b50-9ead-b646b7d042e1, name=B, handlingCost=0), destination=City(code=7ff753c4-d0e4-40b6-8172-00c9ca1d450f, name=E, handlingCost=0), transportType=TRUCK, cost=PT1H)]
11:45:24.308 [main] TRACE c.i.t.d.u.ProcessPendingShipmentsUseCaseImpl -- Time cost from [ A <-> E ] is PT4H
11:45:24.308 [main] TRACE c.i.t.d.u.ProcessPendingShipmentsUseCaseImpl -- Path: A | (A -> [TRUCK] -> B) | (B -> [TRUCK] -> E)
11:45:24.308 [main] INFO  c.i.t.d.u.ProcessPendingShipmentsUseCaseImpl -- Route processed in 1 ms
11:45:24.308 [main] INFO  c.i.t.d.u.ProcessPendingShipmentsUseCaseImpl -- Saving route planification for shipment: A-E
11:45:24.308 [main] INFO  c.i.t.d.u.ProcessPendingShipmentsUseCaseImpl -- Route saved in 1 ms
Route(id=a53a580e-4961-4f70-b8b8-1ff3acbc5ade, origin=City(code=b27f645b-0b34-481f-b6b4-2aa03b89a7f3, name=A, handlingCost=0), destination=City(code=a9d89cf0-f203-4b50-9ead-b646b7d042e1, name=B, handlingCost=0), transportType=TRUCK, cost=PT3H)
Route(id=cf5039bc-af8e-48ca-b935-45ff8e47b746, origin=City(code=a9d89cf0-f203-4b50-9ead-b646b7d042e1, name=B, handlingCost=0), destination=City(code=7ff753c4-d0e4-40b6-8172-00c9ca1d450f, name=E, handlingCost=0), transportType=TRUCK, cost=PT1H)
]]></system-out>
  </testcase>
</testsuite>