<?xml version="1.0" encoding="UTF-8"?>
<testsuite xmlns:xsi="http://www.w3.org/2001/XMLSchema-instance" xsi:noNamespaceSchemaLocation="https://maven.apache.org/surefire/maven-surefire-plugin/xsd/surefire-test-report-3.0.xsd" version="3.0" name="com.itxiop.transport.domain.usecase.LoadShipmentUseCaseImplTest" time="0.019" tests="1" errors="0" skipped="0" failures="0">
  <properties>
[...]
</properties>
  <testcase name="loadShipmentDelegatesToRepository" classname="com.itxiop.transport.domain.usecase.LoadShipmentUseCaseImplTest" time="0.017">
    <system-out><![CDATA[07:42:57.095 [main] TRACE c.i.t.d.u.LoadShipmentUseCaseImpl -- Shipment loaded successfully
]]></system-out>
  </testcase>
</testsuite>