<?xml version="1.0" encoding="UTF-8"?>
<testsuite xmlns:xsi="http://www.w3.org/2001/XMLSchema-instance" xsi:noNamespaceSchemaLocation="https://maven.apache.org/surefire/maven-surefire-plugin/xsd/surefire-test-report-3.0.xsd" version="3.0" name="com.itxiop.transport.domain.usecase.ProcessPendingShipmentsUseCaseImplTest" time="0.101" tests="2" errors="0" skipped="0" failures="0">
  <properties>
[...]
</properties>
  <testcase name="dijkstraComplexScenarioTest" classname="com.itxiop.transport.domain.usecase.ProcessPendingShipmentsUseCaseImplTest" time="0.09">
    <system-out><![CDATA[13:31:57.028 [main] INFO  c.i.t.d.u.ProcessPendingShipmentsUseCaseImpl -- Processing shipment: Shipment(id=bb8db0bb-453a-4068-8de0-b3ee54fe54ae, departureDate=2024-01-01T09:00Z, expectedArrivalDate=2024-01-02T09:00Z, origin=City(code=4c62f69e-b7b6-436c-8cbc-520c5d43b231, name=A, handlingCost=0), destination=City(code=795be1d1-d325-4319-b5af-2122cfd6bad8, name=E, handlingCost=0), status=PENDING, routePlan=null)
13:31:57.040 [main] INFO  c.i.t.d.u.ProcessPendingShipmentsUseCaseImpl -- Processing route: TRUCK
13:31:57.041 [main] TRACE c.i.t.domain.usecase.GraphProcessor -- *** Evaluating dijkstra shortest path algorithm:
13:31:57.043 [main] TRACE c.i.t.domain.usecase.GraphProcessor -- Visiting node [A]
13:31:57.043 [main] TRACE c.i.t.domain.usecase.GraphProcessor --  >> neighbor: [B] tentative cost: [PT4H] by TRUCK
13:31:57.043 [main] TRACE c.i.t.domain.usecase.GraphProcessor --  >> [?] tentative neighbor with a shorter route. Adding to path
13:31:57.044 [main] TRACE c.i.t.domain.usecase.GraphProcessor --  >> neighbor: [H] tentative cost: [PT8H] by TRUCK
13:31:57.044 [main] TRACE c.i.t.domain.usecase.GraphProcessor --  >> [?] tentative neighbor with a shorter route. Adding to path
13:31:57.045 [main] TRACE c.i.t.domain.usecase.GraphProcessor --  >> Marking node [A] as visited
13:31:57.045 [main] TRACE c.i.t.domain.usecase.GraphProcessor -- Visiting node [B]
13:31:57.045 [main] TRACE c.i.t.domain.usecase.GraphProcessor --  >> neighbor: [C] tentative cost: [PT12H] by TRUCK
13:31:57.045 [main] TRACE c.i.t.domain.usecase.GraphProcessor --  >> [?] tentative neighbor with a shorter route. Adding to path
13:31:57.045 [main] TRACE c.i.t.domain.usecase.GraphProcessor --  >> neighbor: [H] tentative cost: [PT15H] by TRUCK
13:31:57.045 [main] TRACE c.i.t.domain.usecase.GraphProcessor --  >> Marking node [B] as visited
13:31:57.045 [main] TRACE c.i.t.domain.usecase.GraphProcessor -- Visiting node [H]
13:31:57.046 [main] TRACE c.i.t.domain.usecase.GraphProcessor --  >> neighbor: [G] tentative cost: [PT9H] by TRUCK
13:31:57.046 [main] TRACE c.i.t.domain.usecase.GraphProcessor --  >> [?] tentative neighbor with a shorter route. Adding to path
13:31:57.046 [main] TRACE c.i.t.domain.usecase.GraphProcessor --  >> neighbor: [I] tentative cost: [PT15H] by TRUCK
13:31:57.046 [main] TRACE c.i.t.domain.usecase.GraphProcessor --  >> [?] tentative neighbor with a shorter route. Adding to path
13:31:57.046 [main] TRACE c.i.t.domain.usecase.GraphProcessor --  >> Marking node [H] as visited
13:31:57.046 [main] TRACE c.i.t.domain.usecase.GraphProcessor -- Visiting node [G]
13:31:57.046 [main] TRACE c.i.t.domain.usecase.GraphProcessor --  >> neighbor: [F] tentative cost: [PT11H] by TRUCK
13:31:57.046 [main] TRACE c.i.t.domain.usecase.GraphProcessor --  >> [?] tentative neighbor with a shorter route. Adding to path
13:31:57.046 [main] TRACE c.i.t.domain.usecase.GraphProcessor --  >> neighbor: [I] tentative cost: [PT11H] by TRUCK
13:31:57.046 [main] TRACE c.i.t.domain.usecase.GraphProcessor --  >> [?] tentative neighbor with a shorter route. Adding to path
13:31:57.046 [main] TRACE c.i.t.domain.usecase.GraphProcessor --  >> Marking node [G] as visited
13:31:57.046 [main] TRACE c.i.t.domain.usecase.GraphProcessor -- Visiting node [F]
13:31:57.046 [main] TRACE c.i.t.domain.usecase.GraphProcessor --  >> neighbor: [C] tentative cost: [PT15H] by TRUCK
13:31:57.046 [main] TRACE c.i.t.domain.usecase.GraphProcessor --  >> neighbor: [D] tentative cost: [PT25H] by TRUCK
13:31:57.046 [main] TRACE c.i.t.domain.usecase.GraphProcessor --  >> [?] tentative neighbor with a shorter route. Adding to path
13:31:57.046 [main] TRACE c.i.t.domain.usecase.GraphProcessor --  >> neighbor: [E] tentative cost: [PT21H] by TRUCK
13:31:57.047 [main] TRACE c.i.t.domain.usecase.GraphProcessor --  >> [?] tentative neighbor with a shorter route. Adding to path
13:31:57.047 [main] TRACE c.i.t.domain.usecase.GraphProcessor --  >> Marking node [F] as visited
13:31:57.047 [main] TRACE c.i.t.domain.usecase.GraphProcessor -- Visiting node [I]
13:31:57.047 [main] TRACE c.i.t.domain.usecase.GraphProcessor --  >> neighbor: [C] tentative cost: [PT13H] by TRUCK
13:31:57.047 [main] TRACE c.i.t.domain.usecase.GraphProcessor --  >> Marking node [I] as visited
13:31:57.047 [main] TRACE c.i.t.domain.usecase.GraphProcessor -- Discarding node [I] as it has already been visited
13:31:57.047 [main] TRACE c.i.t.domain.usecase.GraphProcessor -- Visiting node [C]
13:31:57.047 [main] TRACE c.i.t.domain.usecase.GraphProcessor --  >> neighbor: [D] tentative cost: [PT19H] by TRUCK
13:31:57.047 [main] TRACE c.i.t.domain.usecase.GraphProcessor --  >> [?] tentative neighbor with a shorter route. Adding to path
13:31:57.047 [main] TRACE c.i.t.domain.usecase.GraphProcessor --  >> Marking node [C] as visited
13:31:57.047 [main] TRACE c.i.t.domain.usecase.GraphProcessor -- Visiting node [D]
13:31:57.047 [main] TRACE c.i.t.domain.usecase.GraphProcessor --  >> neighbor: [E] tentative cost: [PT28H] by TRUCK
13:31:57.047 [main] TRACE c.i.t.domain.usecase.GraphProcessor --  >> Marking node [D] as visited
13:31:57.047 [main] TRACE c.i.t.domain.usecase.GraphProcessor -- Discarding node [D] as it has already been visited
13:31:57.047 [main] TRACE c.i.t.domain.usecase.GraphProcessor -- Visiting node [E]
13:31:57.047 [main] TRACE c.i.t.domain.usecase.GraphProcessor --  >> Marking node [E] as visited
13:31:57.047 [main] TRACE c.i.t.domain.usecase.GraphProcessor -- *** Evaluation finished with Path [Route(id=f214911d-8bc2-4095-ba6c-e56bbbdf5215, origin=City(code=4c62f69e-b7b6-436c-8cbc-520c5d43b231, name=A, handlingCost=0), destination=City(code=6afccf14-9586-449d-86a9-3b607ad0da0d, name=H, handlingCost=0), transportType=TRUCK, cost=PT8H), Route(id=291f6078-7741-4094-824b-048e43cbb5fc, origin=City(code=9127ef81-0562-4d54-b94b-414233cfc871, name=G, handlingCost=0), destination=City(code=6afccf14-9586-449d-86a9-3b607ad0da0d, name=H, handlingCost=0), transportType=TRUCK, cost=PT1H), Route(id=18db4b7d-bc78-4ab2-8aec-405608bc2830, origin=City(code=9127ef81-0562-4d54-b94b-414233cfc871, name=G, handlingCost=0), destination=City(code=0a2e77c4-2943-49fe-b888-7e99fb11afee, name=F, handlingCost=0), transportType=TRUCK, cost=PT2H), Route(id=edd14b78-a7d3-4a2e-adf4-19de45c5d4a3, origin=City(code=0a2e77c4-2943-49fe-b888-7e99fb11afee, name=F, handlingCost=0), destination=City(code=795be1d1-d325-4319-b5af-2122cfd6bad8, name=E, handlingCost=0), transportType=TRUCK, cost=PT10H)]
13:31:57.055 [main] TRACE c.i.t.d.u.ProcessPendingShipmentsUseCaseImpl -- Time cost from [ A <-> E ] is PT21H
13:31:57.055 [main] TRACE c.i.t.d.u.ProcessPendingShipmentsUseCaseImpl -- Path: A | (A -> [TRUCK] -> H) | (G -> [TRUCK] -> H) | (G -> [TRUCK] -> F) | (F -> [TRUCK] -> E)
13:31:57.056 [main] INFO  c.i.t.d.u.ProcessPendingShipmentsUseCaseImpl -- Route processed in 15 ms
13:31:57.056 [main] INFO  c.i.t.d.u.ProcessPendingShipmentsUseCaseImpl -- Saving route planification for shipment: A-E
13:31:57.056 [main] INFO  c.i.t.d.u.ProcessPendingShipmentsUseCaseImpl -- Route saved in 16 ms
Route(id=f214911d-8bc2-4095-ba6c-e56bbbdf5215, origin=City(code=4c62f69e-b7b6-436c-8cbc-520c5d43b231, name=A, handlingCost=0), destination=City(code=6afccf14-9586-449d-86a9-3b607ad0da0d, name=H, handlingCost=0), transportType=TRUCK, cost=PT8H)
Route(id=291f6078-7741-4094-824b-048e43cbb5fc, origin=City(code=9127ef81-0562-4d54-b94b-414233cfc871, name=G, handlingCost=0), destination=City(code=6afccf14-9586-449d-86a9-3b607ad0da0d, name=H, handlingCost=0), transportType=TRUCK, cost=PT1H)
Route(id=18db4b7d-bc78-4ab2-8aec-405608bc2830, origin=City(code=9127ef81-0562-4d54-b94b-414233cfc871, name=G, handlingCost=0), destination=City(code=0a2e77c4-2943-49fe-b888-7e99fb11afee, name=F, handlingCost=0), transportType=TRUCK, cost=PT2H)
Route(id=edd14b78-a7d3-4a2e-adf4-19de45c5d4a3, origin=City(code=0a2e77c4-2943-49fe-b888-7e99fb11afee, name=F, handlingCost=0), destination=City(code=795be1d1-d325-4319-b5af-2122cfd6bad8, name=E, handlingCost=0), transportType=TRUCK, cost=PT10H)
]]></system-out>
  </testcase>
  <testcase name="dijkstraBasicTest" classname="com.itxiop.transport.domain.usecase.ProcessPendingShipmentsUseCaseImplTest" time="0.008">
    <system-out><![CDATA[13:31:57.073 [main] INFO  c.i.t.d.u.ProcessPendingShipmentsUseCaseImpl -- Processing shipment: Shipment(id=00cbe22e-5684-4f77-81fd-daa076ab4a5d, departureDate=2024-01-01T09:00Z, expectedArrivalDate=2024-01-01T13:00Z, origin=City(code=253af1f7-ceb6-4b5e-84f9-4f70fc778f75, name=A, handlingCost=0), destination=City(code=77a35ae0-06f9-46ad-bee4-685b4d72dfa8, name=E, handlingCost=0), status=PENDING, routePlan=null)
13:31:57.073 [main] INFO  c.i.t.d.u.ProcessPendingShipmentsUseCaseImpl -- Processing route: TRUCK
13:31:57.073 [main] TRACE c.i.t.domain.usecase.GraphProcessor -- *** Evaluating dijkstra shortest path algorithm:
13:31:57.073 [main] TRACE c.i.t.domain.usecase.GraphProcessor -- Visiting node [A]
13:31:57.074 [main] TRACE c.i.t.domain.usecase.GraphProcessor --  >> neighbor: [B] tentative cost: [PT3H] by TRUCK
13:31:57.074 [main] TRACE c.i.t.domain.usecase.GraphProcessor --  >> [?] tentative neighbor with a shorter route. Adding to path
13:31:57.074 [main] TRACE c.i.t.domain.usecase.GraphProcessor --  >> neighbor: [C] tentative cost: [PT1H] by TRUCK
13:31:57.074 [main] TRACE c.i.t.domain.usecase.GraphProcessor --  >> [?] tentative neighbor with a shorter route. Adding to path
13:31:57.074 [main] TRACE c.i.t.domain.usecase.GraphProcessor --  >> Marking node [A] as visited
13:31:57.074 [main] TRACE c.i.t.domain.usecase.GraphProcessor -- Visiting node [C]
13:31:57.074 [main] TRACE c.i.t.domain.usecase.GraphProcessor --  >> neighbor: [D] tentative cost: [PT3H] by TRUCK
13:31:57.074 [main] TRACE c.i.t.domain.usecase.GraphProcessor --  >> [?] tentative neighbor with a shorter route. Adding to path
13:31:57.074 [main] TRACE c.i.t.domain.usecase.GraphProcessor --  >> neighbor: [B] tentative cost: [PT8H] by TRUCK
13:31:57.074 [main] TRACE c.i.t.domain.usecase.GraphProcessor --  >> Marking node [C] as visited
13:31:57.074 [main] TRACE c.i.t.domain.usecase.GraphProcessor -- Visiting node [B]
13:31:57.074 [main] TRACE c.i.t.domain.usecase.GraphProcessor --  >> neighbor: [D] tentative cost: [PT8H] by TRUCK
13:31:57.074 [main] TRACE c.i.t.domain.usecase.GraphProcessor --  >> neighbor: [E] tentative cost: [PT4H] by TRUCK
13:31:57.074 [main] TRACE c.i.t.domain.usecase.GraphProcessor --  >> [?] tentative neighbor with a shorter route. Adding to path
13:31:57.074 [main] TRACE c.i.t.domain.usecase.GraphProcessor --  >> Marking node [B] as visited
13:31:57.074 [main] TRACE c.i.t.domain.usecase.GraphProcessor -- Visiting node [D]
13:31:57.074 [main] TRACE c.i.t.domain.usecase.GraphProcessor --  >> neighbor: [E] tentative cost: [PT10H] by TRUCK
13:31:57.074 [main] TRACE c.i.t.domain.usecase.GraphProcessor --  >> Marking node [D] as visited
13:31:57.074 [main] TRACE c.i.t.domain.usecase.GraphProcessor -- Visiting node [E]
13:31:57.074 [main] TRACE c.i.t.domain.usecase.GraphProcessor --  >> Marking node [E] as visited
13:31:57.075 [main] TRACE c.i.t.domain.usecase.GraphProcessor -- *** Evaluation finished with Path [Route(id=169520c9-0f3c-4ac0-b40b-cddf4c09c55c, origin=City(code=253af1f7-ceb6-4b5e-84f9-4f70fc778f75, name=A, handlingCost=0), destination=City(code=b9755b45-8021-4a94-b992-3a90e2e5315c, name=B, handlingCost=0), transportType=TRUCK, cost=PT3H), Route(id=65876b48-a280-45c8-bcf9-1273fee0615a, origin=City(code=b9755b45-8021-4a94-b992-3a90e2e5315c, name=B, handlingCost=0), destination=City(code=77a35ae0-06f9-46ad-bee4-685b4d72dfa8, name=E, handlingCost=0), transportType=TRUCK, cost=PT1H)]
13:31:57.075 [main] TRACE c.i.t.d.u.ProcessPendingShipmentsUseCaseImpl -- Time cost from [ A <-> E ] is PT4H
13:31:57.075 [main] TRACE c.i.t.d.u.ProcessPendingShipmentsUseCaseImpl -- Path: A | (A -> [TRUCK] -> B) | (B -> [TRUCK] -> E)
13:31:57.075 [main] INFO  c.i.t.d.u.ProcessPendingShipmentsUseCaseImpl -- Route processed in 1 ms
13:31:57.075 [main] INFO  c.i.t.d.u.ProcessPendingShipmentsUseCaseImpl -- Saving route planification for shipment: A-E
13:31:57.076 [main] INFO  c.i.t.d.u.ProcessPendingShipmentsUseCaseImpl -- Route saved in 2 ms
Route(id=169520c9-0f3c-4ac0-b40b-cddf4c09c55c, origin=City(code=253af1f7-ceb6-4b5e-84f9-4f70fc778f75, name=A, handlingCost=0), destination=City(code=b9755b45-8021-4a94-b992-3a90e2e5315c, name=B, handlingCost=0), transportType=TRUCK, cost=PT3H)
Route(id=65876b48-a280-45c8-bcf9-1273fee0615a, origin=City(code=b9755b45-8021-4a94-b992-3a90e2e5315c, name=B, handlingCost=0), destination=City(code=77a35ae0-06f9-46ad-bee4-685b4d72dfa8, name=E, handlingCost=0), transportType=TRUCK, cost=PT1H)
]]></system-out>
  </testcase>
</testsuite>